\BOOKMARK [0][-]{chapter*.2}{Abbildungsverzeichnis}{}% 1
\BOOKMARK [0][-]{chapter.1}{Einleitung}{}% 2
\BOOKMARK [1][-]{section.1.1}{Motivation}{chapter.1}% 3
\BOOKMARK [1][-]{section.1.2}{Ziel der Arbeit}{chapter.1}% 4
\BOOKMARK [1][-]{section.1.3}{Vorgehensweise}{chapter.1}% 5
\BOOKMARK [0][-]{chapter.2}{Docker Grundlagen}{}% 6
\BOOKMARK [1][-]{section.2.1}{Definition}{chapter.2}% 7
\BOOKMARK [1][-]{section.2.2}{Konzepte und Entwicklungsgeschichte}{chapter.2}% 8
\BOOKMARK [1][-]{section.2.3}{Funktionsweise}{chapter.2}% 9
\BOOKMARK [1][-]{section.2.4}{Aufbau und Beispiel}{chapter.2}% 10
\BOOKMARK [1][-]{section.2.5}{Zusammenfassung}{chapter.2}% 11
\BOOKMARK [0][-]{chapter.3}{Docker im Produktiveinsatz}{}% 12
\BOOKMARK [1][-]{section.3.1}{Anwendungsbereiche}{chapter.3}% 13
\BOOKMARK [1][-]{section.3.2}{Tools}{chapter.3}% 14
\BOOKMARK [2][-]{subsection.3.2.1}{Docker Machine}{section.3.2}% 15
\BOOKMARK [2][-]{subsection.3.2.2}{Docker Compose}{section.3.2}% 16
\BOOKMARK [2][-]{subsection.3.2.3}{Docker Swarm}{section.3.2}% 17
\BOOKMARK [2][-]{subsection.3.2.4}{Kubernetes}{section.3.2}% 18
\BOOKMARK [1][-]{section.3.3}{Wieso gerade Docker ?}{chapter.3}% 19
\BOOKMARK [0][-]{chapter.4}{Fazit - Ausblick}{}% 20
\BOOKMARK [0][-]{chapter*.3}{Literaturverzeichnis}{}% 21
